This is pdfTeX, Version 3.1415926-1.40.10 (TeX Live 2009/Debian) (format=latex 2014.3.25)  10 MAY 2014 19:49
entering extended mode
 %&-line parsing enabled.
**memte.tex
(./memte.tex
LaTeX2e <2009/09/24>
Babel <v3.8l> and hyphenation patterns for english, usenglishmax, dumylang, noh
yphenation, loaded.
(/usr/share/texmf-texlive/tex/latex/base/report.cls
Document Class: report 2007/10/19 v1.4h Standard LaTeX document class
(/usr/share/texmf-texlive/tex/latex/base/size11.clo
File: size11.clo 2007/10/19 v1.4h Standard LaTeX file (size option)
)
\c@part=\count79
\c@chapter=\count80
\c@section=\count81
\c@subsection=\count82
\c@subsubsection=\count83
\c@paragraph=\count84
\c@subparagraph=\count85
\c@figure=\count86
\c@table=\count87
\abovecaptionskip=\skip41
\belowcaptionskip=\skip42
\bibindent=\dimen102
)
(/usr/share/texmf-texlive/tex/latex/graphics/graphicx.sty
Package: graphicx 1999/02/16 v1.0f Enhanced LaTeX Graphics (DPC,SPQR)

(/usr/share/texmf-texlive/tex/latex/graphics/keyval.sty
Package: keyval 1999/03/16 v1.13 key=value parser (DPC)
\KV@toks@=\toks14
)
(/usr/share/texmf-texlive/tex/latex/graphics/graphics.sty
Package: graphics 2009/02/05 v1.0o Standard LaTeX Graphics (DPC,SPQR)

(/usr/share/texmf-texlive/tex/latex/graphics/trig.sty
Package: trig 1999/03/16 v1.09 sin cos tan (DPC)
)
(/etc/texmf/tex/latex/config/graphics.cfg
File: graphics.cfg 2009/08/28 v1.8 graphics configuration of TeX Live
)
Package graphics Info: Driver file: dvips.def on input line 91.

(/usr/share/texmf-texlive/tex/latex/graphics/dvips.def
File: dvips.def 1999/02/16 v3.0i Driver-dependant file (DPC,SPQR)
))
\Gin@req@height=\dimen103
\Gin@req@width=\dimen104
)
(/usr/share/texmf-texlive/tex/latex/graphics/epsfig.sty
Package: epsfig 1999/02/16 v1.7a (e)psfig emulation (SPQR)
\epsfxsize=\dimen105
\epsfysize=\dimen106
)
(/usr/share/texmf-texlive/tex/latex/base/inputenc.sty
Package: inputenc 2008/03/30 v1.1d Input encoding file
\inpenc@prehook=\toks15
\inpenc@posthook=\toks16

(/usr/share/texmf-texlive/tex/latex/base/latin1.def
File: latin1.def 2008/03/30 v1.1d Input encoding file
))
(/usr/share/texmf-texlive/tex/generic/babel/babel.sty
Package: babel 2008/07/06 v3.8l The Babel package

(/usr/share/texmf-texlive/tex/generic/babel/spanish.ldf
Language: spanish.ldf 2009/01/02 v5.0h Spanish support from the babel system

(/usr/share/texmf-texlive/tex/generic/babel/babel.def
File: babel.def 2008/07/06 v3.8l Babel common definitions
\babel@savecnt=\count88
\U@D=\dimen107
)

Package babel Warning: No hyphenation patterns were loaded for
(babel)                the language `Spanish'
(babel)                I will use the patterns loaded for \language=0 instead.

\l@spanish = a dialect from \language0
\es@datefmt=\count89
\es@quottoks=\toks17
\es@quotdepth=\count90
Package babel Info: Making " an active character on input line 492.
Package babel Info: Making . an active character on input line 585.
Package babel Info: Making < an active character on input line 630.
Package babel Info: Making > an active character on input line 630.
)) (/usr/share/texmf-texlive/tex/latex/base/alltt.sty
Package: alltt 1997/06/16 v2.0g defines alltt environment
)
(./templates/algorithm.sty

LaTeX Warning: You have requested package `templates/algorithm',
               but the package provides `algorithm'.

Package: algorithm 
Document Style `algorithm' - floating environment
(/usr/share/texmf-texlive/tex/latex/float/float.sty
Package: float 2001/11/08 v1.3d Float enhancements (AL)
\c@float@type=\count91
\float@exts=\toks18
\float@box=\box26
\@float@everytoks=\toks19
\@floatcapt=\box27
)
(/usr/share/texmf-texlive/tex/latex/base/ifthen.sty
Package: ifthen 2001/05/26 v1.1c Standard LaTeX ifthen package (DPC)
)
\@float@every@algorithm=\toks20
\c@algorithm=\count92
)
(./templates/algorithmic.sty

LaTeX Warning: You have requested package `templates/algorithmic',
               but the package provides `algorithmic'.

Package: algorithmic 2006/06/02
Document Style `algorithmic' - environment
(/usr/share/texmf-texlive/tex/latex/tools/calc.sty
Package: calc 2007/08/22 v4.3 Infix arithmetic (KKT,FJ)
\calc@Acount=\count93
\calc@Bcount=\count94
\calc@Adimen=\dimen108
\calc@Bdimen=\dimen109
\calc@Askip=\skip43
\calc@Bskip=\skip44
LaTeX Info: Redefining \setlength on input line 76.
LaTeX Info: Redefining \addtolength on input line 77.
\calc@Ccount=\count95
\calc@Cskip=\skip45
)
\c@ALC@line=\count96
\c@ALC@rem=\count97
\c@ALC@depth=\count98
\ALC@tlm=\skip46
\algorithmicindent=\skip47
) (./templates/multirow.sty
\bigstrutjot=\dimen110
) (/usr/share/texmf-texlive/tex/plain/amsfonts/amssym.def
\msafam=\mathgroup4
\msbfam=\mathgroup5
\eufmfam=\mathgroup6
) (./memte.aux)
\openout1 = `memte.aux'.

LaTeX Font Info:    Checking defaults for OML/cmm/m/it on input line 87.
LaTeX Font Info:    ... okay on input line 87.
LaTeX Font Info:    Checking defaults for T1/cmr/m/n on input line 87.
LaTeX Font Info:    ... okay on input line 87.
LaTeX Font Info:    Checking defaults for OT1/cmr/m/n on input line 87.
LaTeX Font Info:    ... okay on input line 87.
LaTeX Font Info:    Checking defaults for OMS/cmsy/m/n on input line 87.
LaTeX Font Info:    ... okay on input line 87.
LaTeX Font Info:    Checking defaults for OMX/cmex/m/n on input line 87.
LaTeX Font Info:    ... okay on input line 87.
LaTeX Font Info:    Checking defaults for U/cmr/m/n on input line 87.
LaTeX Font Info:    ... okay on input line 87.
File: images/logotipo-secundario-ULL.eps Graphic file (type eps)

<images/logotipo-secundario-ULL.eps>
File: images/fmatesc.eps Graphic file (type eps)
 <images/fmatesc.eps>
LaTeX Font Info:    External font `cmex10' loaded for size
(Font)              <10.95> on input line 115.
LaTeX Font Info:    External font `cmex10' loaded for size
(Font)              <8> on input line 115.
LaTeX Font Info:    External font `cmex10' loaded for size
(Font)              <6> on input line 115.
 [1

] [1] [2

]
(./memte.toc)
\tf@toc=\write3
\openout3 = `memte.toc'.

 [1

] [2

] (./memte.lof)
\tf@lof=\write4
\openout4 = `memte.lof'.

 [3

] [4

] (./memte.lot)
\tf@lot=\write5
\openout5 = `memte.lot'.

 [5

] [6

]
Cap\'{\i }tulo 1.
(./tex/cap1.tex) [1

]
Cap\'{\i }tulo 2.
(./tex/cap2.tex
Overfull \hbox (58.41003pt too wide) detected at line 31
\OML/cmm/m/it/10.95 f\OT1/cmr/m/n/10.95 (\OML/cmm/m/it/10.95 x\OT1/cmr/m/n/10.9
5 ) = \OML/cmm/m/it/10.95 f\OT1/cmr/m/n/10.95 (\OML/cmm/m/it/10.95 a\OT1/cmr/m/
n/10.95 ) + \OML/cmm/m/it/10.95 f[]\OT1/cmr/m/n/10.95 (\OML/cmm/m/it/10.95 a\OT
1/cmr/m/n/10.95 )(\OML/cmm/m/it/10.95 x \OMS/cmsy/m/n/10.95 ^^@ \OML/cmm/m/it/1
0.95 a\OT1/cmr/m/n/10.95 ) + ([])!\OML/cmm/m/it/10.95 f[]\OT1/cmr/m/n/10.95 (\O
ML/cmm/m/it/10.95 a\OT1/cmr/m/n/10.95 )(\OML/cmm/m/it/10.95 x \OMS/cmsy/m/n/10.
95 ^^@ \OML/cmm/m/it/10.95 a\OT1/cmr/m/n/10.95 )[] + \OML/cmm/m/it/10.95 ::: \O
T1/cmr/m/n/10.95 + ([])!\OML/cmm/m/it/10.95 f[]n\OT1/cmr/m/n/10.95 )(\OML/cmm/m
/it/10.95 a\OT1/cmr/m/n/10.95 )(\OML/cmm/m/it/10.95 x \OMS/cmsy/m/n/10.95 ^^@ \
OML/cmm/m/it/10.95 a\OT1/cmr/m/n/10.95 )[] + ([])\OML/cmm/m/it/10.95 f[]n \OT1/
cmr/m/n/10.95 + 1)(\OML/cmm/m/it/10.95 c\OT1/cmr/m/n/10.95 )(\OML/cmm/m/it/10.9
5 x \OMS/cmsy/m/n/10.95 ^^@ \OML/cmm/m/it/10.95 a\OT1/cmr/m/n/10.95 )[]\OML/cmm
/m/it/10.95 n \OT1/cmr/m/n/10.95 + 1)
 []

[2

]) [3]
Cap\'{\i }tulo 3.
(./tex/cap3.tex [4

]
LaTeX Font Info:    External font `cmex10' loaded for size
(Font)              <9> on input line 56.
LaTeX Font Info:    External font `cmex10' loaded for size
(Font)              <5> on input line 56.
 [5] (./tables/table.tex)
File: images/grafica.eps Graphic file (type eps)
 <images/grafica.eps> [6]) [7]
Cap\'{\i }tulo 4.
(./tex/cap4.tex) [8

]
Ap\'{e}ndice A.
(./tex/apendice1.tex
Underfull \vbox (badness 10000) has occurred while \output is active []

 [9


]
Overfull \hbox (7.90361pt too wide) in paragraph at lines 64--64
[]    \OT1/cmtt/m/n/9 a = float(raw_input("Introduzca el punto central donde se
 desea evaluar el polinomio:"))[] 
 []

[10]) [11]
Ap\'{e}ndice B.
(./tex/apendice2.tex
Overfull \hbox (3.17867pt too wide) in paragraph at lines 30--30
[]\OT1/cmtt/m/n/9 En la primera parte de algoritmo, hemos importado las diferen
tes librerias que necesitamos.[] 
 []


Overfull \hbox (3.17867pt too wide) in paragraph at lines 30--30
[]\OT1/cmtt/m/n/9 Luego declaramos dos funciones: El la primera calculamos el f
actorial, que necesitamos para[] 
 []


Overfull \hbox (3.17867pt too wide) in paragraph at lines 30--30
[]\OT1/cmtt/m/n/9 calcular la formula de Taylor, donde podemos ver que solo usa
mos dos simples condiciones, y[] 
 []


Overfull \hbox (7.90361pt too wide) in paragraph at lines 30--30
[]\OT1/cmtt/m/n/9 En esta segunda funcion, declaramos un variacle ('c') general
 que usamos cuando evaluamos la[] 
 []


Overfull \hbox (40.97823pt too wide) in paragraph at lines 30--30
[]\OT1/cmtt/m/n/9 funcion en el centro(a). Para luego usarlo en un bucle "for" 
donde calcula la deriva de la funcion,[] 
 []


Overfull \hbox (50.42812pt too wide) in paragraph at lines 30--30
[]\OT1/cmtt/m/n/9 la evalua en el punto centro(a) y opera, invocando a la funci
on factorial, obteniendo la aproximacion[] 
 []


Overfull \hbox (26.80339pt too wide) in paragraph at lines 30--30
[]\OT1/cmtt/m/n/9 de funcion. Por ultimo, se iguala la funcion a la deriva para
 que as[]A- siga el bucle tantas veces[] 
 []


Overfull \hbox (50.42812pt too wide) in paragraph at lines 30--30
[]\OT1/cmtt/m/n/9 Entonces en esta segunda parte, se piden los valores del grad
o(n), el punto(x) y el centro(a), aunque[] 
 []


Overfull \hbox (50.42812pt too wide) in paragraph at lines 30--30
[]\OT1/cmtt/m/n/9 se vuelven a pedir los valores de x y a si no estan entre el 
intervalos [-1,1].Depues, se declara una[] 
 []


Overfull \hbox (78.77779pt too wide) in paragraph at lines 30--30
[]\OT1/cmtt/m/n/9 variable inicial para empezar a medir el tiempo que tarda el 
programa en ejecutarse. Se invoca a la funcion[] 
 []


Overfull \hbox (78.77779pt too wide) in paragraph at lines 30--30
[]\OT1/cmtt/m/n/9 principal, taylor, y se calcula con los valores que se hallan
 introducido. Y se declara otra variable final[] 
 []


Overfull \hbox (64.60295pt too wide) in paragraph at lines 30--30
[]\OT1/cmtt/m/n/9 Luego, se calcula el error con un valor absoluto(para que no 
de valores negativos) entre el valor exacto[] 
 []


Overfull \hbox (88.22768pt too wide) in paragraph at lines 30--30
[]\OT1/cmtt/m/n/9 de la funcion menos la aproximacion de dicha funcion. Finalme
nte, se imprimen por pantalla todos los valores.[] 
 []


Overfull \hbox (3.17867pt too wide) in paragraph at lines 48--48
[] \OT1/cmtt/m/n/9 algoritmo, representamos la funcion pidiendo valores para am
bos ejes e iniciamos una lista[] 
 []


Overfull \hbox (17.3535pt too wide) in paragraph at lines 48--48
[] \OT1/cmtt/m/n/9 para guardar los valores que se van tomando del "for". Propo
nemos las medidas de la grafica y[] 
 []


Overfull \hbox (26.80339pt too wide) in paragraph at lines 48--48
[] \OT1/cmtt/m/n/9 demas detalles, como los colores, la anchura de las lines, e
ct. Declaramos entre que intervalos[] 
 []


Overfull \hbox (12.62856pt too wide) in paragraph at lines 48--48
[] \OT1/cmtt/m/n/9 debe de darse la grafica y la llamamos "Representacion grafi
ca". Por ultimo, la guardamos en[] 
 []

) (./memte.bbl [12

]
Overfull \hbox (46.65672pt too wide) in paragraph at lines 17--21
[]\OT1/cmr/m/n/10.95 .  http://recursostic.educacion.es/descartes/web/materiale
sdidacticos/Desarrolloserietaylor.htm. 
 []

) [13

] (./memte.aux) ) 
Here is how much of TeX's memory you used:
 1764 strings out of 495062
 21335 string characters out of 1182644
 76798 words of memory out of 3000000
 4893 multiletter control sequences out of 15000+50000
 13961 words of font info for 51 fonts, out of 3000000 for 9000
 28 hyphenation exceptions out of 8191
 25i,8n,27p,605b,502s stack positions out of 5000i,500n,10000p,200000b,50000s

Output written on memte.dvi (22 pages, 28240 bytes).
